# JRE version: OpenJDK Runtime Environment Temurin-17.0.10+7 (17.0.10+7) (build 17.0.10+7)
# Java VM: OpenJDK 64-Bit Server VM Temurin-17.0.10+7 (17.0.10+7, mixed mode, tiered, compressed oops, compressed class ptrs, parallel gc, windows-amd64)
GC Precious Log:
 CPUs: 8 total, 8 available
 Memory: 7985M
 Large Page Support: Disabled
 NUMA Support: Disabled
 Compressed Oops: Enabled (32-bit)
 Alignments: Space 512K, Generation 512K, Heap 2M
 Heap Min Capacity: 100M
 Heap Initial Capacity: 100M
 Heap Max Capacity: 1G
 Pre-touch: Disabled
 Parallel Workers: 8
Heap:
 PSYoungGen      total 23040K, used 18968K [0x00000000eab00000, 0x00000000ecb00000, 0x0000000100000000)
  eden space 21504K, 81% used [0x00000000eab00000,0x00000000ebc08820,0x00000000ec000000)
  from space 1536K, 99% used [0x00000000ec480000,0x00000000ec5fd9c0,0x00000000ec600000)
  to   space 5120K, 0% used [0x00000000ec600000,0x00000000ec600000,0x00000000ecb00000)
 ParOldGen       total 68608K, used 32186K [0x00000000c0000000, 0x00000000c4300000, 0x00000000eab00000)
  object space 68608K, 46% used [0x00000000c0000000,0x00000000c1f6e998,0x00000000c4300000)
 Metaspace       used 49808K, committed 50688K, reserved 1114112K
  class space    used 5078K, committed 5440K, reserved 1048576K
GC Heap History (20 events):
Event: 6.080 GC heap before
{Heap before GC invocations=14 (full 2):
 PSYoungGen      total 24576K, used 24256K [0x00000000eab00000, 0x00000000ec680000, 0x0000000100000000)
  eden space 22016K, 100% used [0x00000000eab00000,0x00000000ec080000,0x00000000ec080000)
  from space 2560K, 87% used [0x00000000ec280000,0x00000000ec4b0010,0x00000000ec500000)
  to   space 1536K, 0% used [0x00000000ec500000,0x00000000ec500000,0x00000000ec680000)
 ParOldGen       total 68608K, used 14447K [0x00000000c0000000, 0x00000000c4300000, 0x00000000eab00000)
  object space 68608K, 21% used [0x00000000c0000000,0x00000000c0e1be80,0x00000000c4300000)
 Metaspace       used 37681K, committed 38464K, reserved 1114112K
  class space    used 3807K, committed 4160K, reserved 1048576K
}
Event: 6.084 GC heap after
{Heap after GC invocations=14 (full 2):
 PSYoungGen      total 23040K, used 1504K [0x00000000eab00000, 0x00000000eca80000, 0x0000000100000000)
  eden space 21504K, 0% used [0x00000000eab00000,0x00000000eab00000,0x00000000ec000000)
  from space 1536K, 97% used [0x00000000ec500000,0x00000000ec678010,0x00000000ec680000)
  to   space 5120K, 0% used [0x00000000ec000000,0x00000000ec000000,0x00000000ec500000)
 ParOldGen       total 68608K, used 17239K [0x00000000c0000000, 0x00000000c4300000, 0x00000000eab00000)
  object space 68608K, 25% used [0x00000000c0000000,0x00000000c10d5e80,0x00000000c4300000)
 Metaspace       used 37681K, committed 38464K, reserved 1114112K
  class space    used 3807K, committed 4160K, reserved 1048576K
}
Event: 6.172 GC heap before
{Heap before GC invocations=15 (full 2):
 PSYoungGen      total 23040K, used 23008K [0x00000000eab00000, 0x00000000eca80000, 0x0000000100000000)
  eden space 21504K, 100% used [0x00000000eab00000,0x00000000ec000000,0x00000000ec000000)
  from space 1536K, 97% used [0x00000000ec500000,0x00000000ec678010,0x00000000ec680000)
  to   space 5120K, 0% used [0x00000000ec000000,0x00000000ec000000,0x00000000ec500000)
 ParOldGen       total 68608K, used 17239K [0x00000000c0000000, 0x00000000c4300000, 0x00000000eab00000)
  object space 68608K, 25% used [0x00000000c0000000,0x00000000c10d5e80,0x00000000c4300000)
 Metaspace       used 37682K, committed 38464K, reserved 1114112K
  class space    used 3807K, committed 4160K, reserved 1048576K
}
Event: 6.175 GC heap after
{Heap after GC invocations=15 (full 2):
 PSYoungGen      total 24064K, used 2432K [0x00000000eab00000, 0x00000000ec700000, 0x0000000100000000)
  eden space 21504K, 0% used [0x00000000eab00000,0x00000000eab00000,0x00000000ec000000)
  from space 2560K, 95% used [0x00000000ec000000,0x00000000ec260000,0x00000000ec280000)
  to   space 3584K, 0% used [0x00000000ec380000,0x00000000ec380000,0x00000000ec700000)
 ParOldGen       total 68608K, used 18740K [0x00000000c0000000, 0x00000000c4300000, 0x00000000eab00000)
  object space 68608K, 27% used [0x00000000c0000000,0x00000000c124d3e0,0x00000000c4300000)
 Metaspace       used 37682K, committed 38464K, reserved 1114112K
  class space    used 3807K, committed 4160K, reserved 1048576K
}
Event: 6.264 GC heap before
{Heap before GC invocations=16 (full 2):
 PSYoungGen      total 24064K, used 23936K [0x00000000eab00000, 0x00000000ec700000, 0x0000000100000000)
  eden space 21504K, 100% used [0x00000000eab00000,0x00000000ec000000,0x00000000ec000000)
  from space 2560K, 95% used [0x00000000ec000000,0x00000000ec260000,0x00000000ec280000)
  to   space 3584K, 0% used [0x00000000ec380000,0x00000000ec380000,0x00000000ec700000)
 ParOldGen       total 68608K, used 18740K [0x00000000c0000000, 0x00000000c4300000, 0x00000000eab00000)
  object space 68608K, 27% used [0x00000000c0000000,0x00000000c124d3e0,0x00000000c4300000)
 Metaspace       used 37682K, committed 38464K, reserved 1114112K
  class space    used 3807K, committed 4160K, reserved 1048576K
}
Event: 6.270 GC heap after
{Heap after GC invocations=16 (full 2):
 PSYoungGen      total 24576K, used 2592K [0x00000000eab00000, 0x00000000ec680000, 0x0000000100000000)
  eden space 21504K, 0% used [0x00000000eab00000,0x00000000eab00000,0x00000000ec000000)
  from space 3072K, 84% used [0x00000000ec380000,0x00000000ec608010,0x00000000ec680000)
  to   space 3072K, 0% used [0x00000000ec080000,0x00000000ec080000,0x00000000ec380000)
 ParOldGen       total 68608K, used 21052K [0x00000000c0000000, 0x00000000c4300000, 0x00000000eab00000)
  object space 68608K, 30% used [0x00000000c0000000,0x00000000c148f3e0,0x00000000c4300000)
 Metaspace       used 37682K, committed 38464K, reserved 1114112K
  class space    used 3807K, committed 4160K, reserved 1048576K
}
Event: 6.657 GC heap before
{Heap before GC invocations=17 (full 2):
 PSYoungGen      total 24576K, used 24096K [0x00000000eab00000, 0x00000000ec680000, 0x0000000100000000)
  eden space 21504K, 100% used [0x00000000eab00000,0x00000000ec000000,0x00000000ec000000)
  from space 3072K, 84% used [0x00000000ec380000,0x00000000ec608010,0x00000000ec680000)
  to   space 3072K, 0% used [0x00000000ec080000,0x00000000ec080000,0x00000000ec380000)
 ParOldGen       total 68608K, used 21052K [0x00000000c0000000, 0x00000000c4300000, 0x00000000eab00000)
  object space 68608K, 30% used [0x00000000c0000000,0x00000000c148f3e0,0x00000000c4300000)
 Metaspace       used 38336K, committed 39104K, reserved 1114112K
  class space    used 3884K, committed 4224K, reserved 1048576K
}
Event: 6.662 GC heap after
{Heap after GC invocations=17 (full 2):
 PSYoungGen      total 24576K, used 3072K [0x00000000eab00000, 0x00000000ecf00000, 0x0000000100000000)
  eden space 21504K, 0% used [0x00000000eab00000,0x00000000eab00000,0x00000000ec000000)
  from space 3072K, 100% used [0x00000000ec080000,0x00000000ec380000,0x00000000ec380000)
  to   space 7680K, 0% used [0x00000000ec780000,0x00000000ec780000,0x00000000ecf00000)
 ParOldGen       total 68608K, used 24729K [0x00000000c0000000, 0x00000000c4300000, 0x00000000eab00000)
  object space 68608K, 36% used [0x00000000c0000000,0x00000000c1826410,0x00000000c4300000)
 Metaspace       used 38336K, committed 39104K, reserved 1114112K
  class space    used 3884K, committed 4224K, reserved 1048576K
}
Event: 7.206 GC heap before
{Heap before GC invocations=18 (full 2):
 PSYoungGen      total 24576K, used 24576K [0x00000000eab00000, 0x00000000ecf00000, 0x0000000100000000)
  eden space 21504K, 100% used [0x00000000eab00000,0x00000000ec000000,0x00000000ec000000)
  from space 3072K, 100% used [0x00000000ec080000,0x00000000ec380000,0x00000000ec380000)
  to   space 7680K, 0% used [0x00000000ec780000,0x00000000ec780000,0x00000000ecf00000)
 ParOldGen       total 68608K, used 24729K [0x00000000c0000000, 0x00000000c4300000, 0x00000000eab00000)
  object space 68608K, 36% used [0x00000000c0000000,0x00000000c1826410,0x00000000c4300000)
 Metaspace       used 40243K, committed 41088K, reserved 1114112K
  class space    used 4145K, committed 4480K, reserved 1048576K
}
Event: 7.211 GC heap after
{Heap after GC invocations=18 (full 2):
 PSYoungGen      total 22528K, used 920K [0x00000000eab00000, 0x00000000ec880000, 0x0000000100000000)
  eden space 21504K, 0% used [0x00000000eab00000,0x00000000eab00000,0x00000000ec000000)
  from space 1024K, 89% used [0x00000000ec780000,0x00000000ec866248,0x00000000ec880000)
  to   space 3072K, 0% used [0x00000000ec280000,0x00000000ec280000,0x00000000ec580000)
 ParOldGen       total 68608K, used 27489K [0x00000000c0000000, 0x00000000c4300000, 0x00000000eab00000)
  object space 68608K, 40% used [0x00000000c0000000,0x00000000c1ad8410,0x00000000c4300000)
 Metaspace       used 40243K, committed 41088K, reserved 1114112K
  class space    used 4145K, committed 4480K, reserved 1048576K
}
Event: 7.806 GC heap before
{Heap before GC invocations=19 (full 2):
 PSYoungGen      total 22528K, used 22424K [0x00000000eab00000, 0x00000000ec880000, 0x0000000100000000)
  eden space 21504K, 100% used [0x00000000eab00000,0x00000000ec000000,0x00000000ec000000)
  from space 1024K, 89% used [0x00000000ec780000,0x00000000ec866248,0x00000000ec880000)
  to   space 3072K, 0% used [0x00000000ec280000,0x00000000ec280000,0x00000000ec580000)
 ParOldGen       total 68608K, used 27489K [0x00000000c0000000, 0x00000000c4300000, 0x00000000eab00000)
  object space 68608K, 40% used [0x00000000c0000000,0x00000000c1ad8410,0x00000000c4300000)
 Metaspace       used 41668K, committed 42496K, reserved 1114112K
  class space    used 4277K, committed 4608K, reserved 1048576K
}
Event: 7.808 GC heap after
{Heap after GC invocations=19 (full 2):
 PSYoungGen      total 24576K, used 512K [0x00000000eab00000, 0x00000000ec800000, 0x0000000100000000)
  eden space 21504K, 0% used [0x00000000eab00000,0x00000000eab00000,0x00000000ec000000)
  from space 3072K, 16% used [0x00000000ec280000,0x00000000ec300000,0x00000000ec580000)
  to   space 1024K, 0% used [0x00000000ec700000,0x00000000ec700000,0x00000000ec800000)
 ParOldGen       total 68608K, used 28296K [0x00000000c0000000, 0x00000000c4300000, 0x00000000eab00000)
  object space 68608K, 41% used [0x00000000c0000000,0x00000000c1ba2210,0x00000000c4300000)
 Metaspace       used 41668K, committed 42496K, reserved 1114112K
  class space    used 4277K, committed 4608K, reserved 1048576K
}
Event: 7.952 GC heap before
{Heap before GC invocations=20 (full 2):
 PSYoungGen      total 24576K, used 22016K [0x00000000eab00000, 0x00000000ec800000, 0x0000000100000000)
  eden space 21504K, 100% used [0x00000000eab00000,0x00000000ec000000,0x00000000ec000000)
  from space 3072K, 16% used [0x00000000ec280000,0x00000000ec300000,0x00000000ec580000)
  to   space 1024K, 0% used [0x00000000ec700000,0x00000000ec700000,0x00000000ec800000)
 ParOldGen       total 68608K, used 28296K [0x00000000c0000000, 0x00000000c4300000, 0x00000000eab00000)
  object space 68608K, 41% used [0x00000000c0000000,0x00000000c1ba2210,0x00000000c4300000)
 Metaspace       used 41934K, committed 42816K, reserved 1114112K
  class space    used 4291K, committed 4672K, reserved 1048576K
}
Event: 7.953 GC heap after
{Heap after GC invocations=20 (full 2):
 PSYoungGen      total 22528K, used 935K [0x00000000eab00000, 0x00000000ec800000, 0x0000000100000000)
  eden space 21504K, 0% used [0x00000000eab00000,0x00000000eab00000,0x00000000ec000000)
  from space 1024K, 91% used [0x00000000ec700000,0x00000000ec7e9f90,0x00000000ec800000)
  to   space 1536K, 0% used [0x00000000ec500000,0x00000000ec500000,0x00000000ec680000)
 ParOldGen       total 68608K, used 28640K [0x00000000c0000000, 0x00000000c4300000, 0x00000000eab00000)
  object space 68608K, 41% used [0x00000000c0000000,0x00000000c1bf8210,0x00000000c4300000)
 Metaspace       used 41934K, committed 42816K, reserved 1114112K
  class space    used 4291K, committed 4672K, reserved 1048576K
}
Event: 8.468 GC heap before
{Heap before GC invocations=21 (full 2):
 PSYoungGen      total 22528K, used 22439K [0x00000000eab00000, 0x00000000ec800000, 0x0000000100000000)
  eden space 21504K, 100% used [0x00000000eab00000,0x00000000ec000000,0x00000000ec000000)
  from space 1024K, 91% used [0x00000000ec700000,0x00000000ec7e9f90,0x00000000ec800000)
  to   space 1536K, 0% used [0x00000000ec500000,0x00000000ec500000,0x00000000ec680000)
 ParOldGen       total 68608K, used 28672K [0x00000000c0000000, 0x00000000c4300000, 0x00000000eab00000)
  object space 68608K, 41% used [0x00000000c0000000,0x00000000c1c001b8,0x00000000c4300000)
 Metaspace       used 43794K, committed 44608K, reserved 1114112K
  class space    used 4448K, committed 4800K, reserved 1048576K
}
Event: 8.470 GC heap after
{Heap after GC invocations=21 (full 2):
 PSYoungGen      total 23040K, used 415K [0x00000000eab00000, 0x00000000ec780000, 0x0000000100000000)
  eden space 21504K, 0% used [0x00000000eab00000,0x00000000eab00000,0x00000000ec000000)
  from space 1536K, 27% used [0x00000000ec500000,0x00000000ec567f00,0x00000000ec680000)
  to   space 1024K, 0% used [0x00000000ec680000,0x00000000ec680000,0x00000000ec780000)
 ParOldGen       total 68608K, used 28728K [0x00000000c0000000, 0x00000000c4300000, 0x00000000eab00000)
  object space 68608K, 41% used [0x00000000c0000000,0x00000000c1c0e1b8,0x00000000c4300000)
 Metaspace       used 43794K, committed 44608K, reserved 1114112K
  class space    used 4448K, committed 4800K, reserved 1048576K
}
Event: 9.139 GC heap before
{Heap before GC invocations=22 (full 2):
 PSYoungGen      total 23040K, used 21919K [0x00000000eab00000, 0x00000000ec780000, 0x0000000100000000)
  eden space 21504K, 100% used [0x00000000eab00000,0x00000000ec000000,0x00000000ec000000)
  from space 1536K, 27% used [0x00000000ec500000,0x00000000ec567f00,0x00000000ec680000)
  to   space 1024K, 0% used [0x00000000ec680000,0x00000000ec680000,0x00000000ec780000)
 ParOldGen       total 68608K, used 28836K [0x00000000c0000000, 0x00000000c4300000, 0x00000000eab00000)
  object space 68608K, 42% used [0x00000000c0000000,0x00000000c1c29380,0x00000000c4300000)
 Metaspace       used 46778K, committed 47616K, reserved 1114112K
  class space    used 4787K, committed 5120K, reserved 1048576K
}
Event: 9.141 GC heap after
{Heap after GC invocations=22 (full 2):
 PSYoungGen      total 22528K, used 1007K [0x00000000eab00000, 0x00000000ec780000, 0x0000000100000000)
  eden space 21504K, 0% used [0x00000000eab00000,0x00000000eab00000,0x00000000ec000000)
  from space 1024K, 98% used [0x00000000ec680000,0x00000000ec77be78,0x00000000ec780000)
  to   space 1536K, 0% used [0x00000000ec480000,0x00000000ec480000,0x00000000ec600000)
 ParOldGen       total 68608K, used 29084K [0x00000000c0000000, 0x00000000c4300000, 0x00000000eab00000)
  object space 68608K, 42% used [0x00000000c0000000,0x00000000c1c67380,0x00000000c4300000)
 Metaspace       used 46778K, committed 47616K, reserved 1114112K
  class space    used 4787K, committed 5120K, reserved 1048576K
}
Event: 9.675 GC heap before
{Heap before GC invocations=23 (full 2):
 PSYoungGen      total 22528K, used 22511K [0x00000000eab00000, 0x00000000ec780000, 0x0000000100000000)
  eden space 21504K, 100% used [0x00000000eab00000,0x00000000ec000000,0x00000000ec000000)
  from space 1024K, 98% used [0x00000000ec680000,0x00000000ec77be78,0x00000000ec780000)
  to   space 1536K, 0% used [0x00000000ec480000,0x00000000ec480000,0x00000000ec600000)
 ParOldGen       total 68608K, used 29084K [0x00000000c0000000, 0x00000000c4300000, 0x00000000eab00000)
  object space 68608K, 42% used [0x00000000c0000000,0x00000000c1c67380,0x00000000c4300000)
 Metaspace       used 48164K, committed 48896K, reserved 1114112K
  class space    used 4919K, committed 5248K, reserved 1048576K
}
Event: 9.680 GC heap after
{Heap after GC invocations=23 (full 2):
 PSYoungGen      total 23040K, used 1526K [0x00000000eab00000, 0x00000000ecb00000, 0x0000000100000000)
  eden space 21504K, 0% used [0x00000000eab00000,0x00000000eab00000,0x00000000ec000000)
  from space 1536K, 99% used [0x00000000ec480000,0x00000000ec5fd9c0,0x00000000ec600000)
  to   space 5120K, 0% used [0x00000000ec600000,0x00000000ec600000,0x00000000ecb00000)
 ParOldGen       total 68608K, used 32186K [0x00000000c0000000, 0x00000000c4300000, 0x00000000eab00000)
  object space 68608K, 46% used [0x00000000c0000000,0x00000000c1f6e998,0x00000000c4300000)
 Metaspace       used 48164K, committed 48896K, reserved 1114112K
  class space    used 4919K, committed 5248K, reserved 1048576K
}

