# JRE version: OpenJDK Runtime Environment Temurin-17.0.10+7 (17.0.10+7) (build 17.0.10+7)
# Java VM: OpenJDK 64-Bit Server VM Temurin-17.0.10+7 (17.0.10+7, mixed mode, tiered, compressed oops, compressed class ptrs, parallel gc, windows-amd64)
GC Precious Log:
 CPUs: 8 total, 8 available
 Memory: 7985M
 Large Page Support: Disabled
 NUMA Support: Disabled
 Compressed Oops: Enabled (32-bit)
 Alignments: Space 512K, Generation 512K, Heap 2M
 Heap Min Capacity: 100M
 Heap Initial Capacity: 100M
 Heap Max Capacity: 1G
 Pre-touch: Disabled
 Parallel Workers: 8
Heap:
 PSYoungGen      total 24576K, used 2974K [0x00000000eab00000, 0x00000000ec580000, 0x0000000100000000)
  eden space 22016K, 3% used [0x00000000eab00000,0x00000000eabaa408,0x00000000ec080000)
  from space 2560K, 89% used [0x00000000ec080000,0x00000000ec2bd688,0x00000000ec300000)
  to   space 2560K, 0% used [0x00000000ec300000,0x00000000ec300000,0x00000000ec580000)
 ParOldGen       total 68608K, used 20344K [0x00000000c0000000, 0x00000000c4300000, 0x00000000eab00000)
  object space 68608K, 29% used [0x00000000c0000000,0x00000000c13de2b0,0x00000000c4300000)
 Metaspace       used 51972K, committed 52992K, reserved 1114112K
  class space    used 5598K, committed 6016K, reserved 1048576K
GC Heap History (20 events):
Event: 4.335 GC heap before
{Heap before GC invocations=9 (full 1):
 PSYoungGen      total 27136K, used 27110K [0x00000000eab00000, 0x00000000eca00000, 0x0000000100000000)
  eden space 24576K, 100% used [0x00000000eab00000,0x00000000ec300000,0x00000000ec300000)
  from space 2560K, 99% used [0x00000000ec580000,0x00000000ec7f9a00,0x00000000ec800000)
  to   space 2048K, 0% used [0x00000000ec800000,0x00000000ec800000,0x00000000eca00000)
 ParOldGen       total 68608K, used 10732K [0x00000000c0000000, 0x00000000c4300000, 0x00000000eab00000)
  object space 68608K, 15% used [0x00000000c0000000,0x00000000c0a7b3b8,0x00000000c4300000)
 Metaspace       used 30102K, committed 30656K, reserved 1114112K
  class space    used 2974K, committed 3200K, reserved 1048576K
}
Event: 4.337 GC heap after
{Heap after GC invocations=9 (full 1):
 PSYoungGen      total 26112K, used 2020K [0x00000000eab00000, 0x00000000eca00000, 0x0000000100000000)
  eden space 24064K, 0% used [0x00000000eab00000,0x00000000eab00000,0x00000000ec280000)
  from space 2048K, 98% used [0x00000000ec800000,0x00000000ec9f9220,0x00000000eca00000)
  to   space 3072K, 0% used [0x00000000ec400000,0x00000000ec400000,0x00000000ec700000)
 ParOldGen       total 68608K, used 11300K [0x00000000c0000000, 0x00000000c4300000, 0x00000000eab00000)
  object space 68608K, 16% used [0x00000000c0000000,0x00000000c0b093d8,0x00000000c4300000)
 Metaspace       used 30102K, committed 30656K, reserved 1114112K
  class space    used 2974K, committed 3200K, reserved 1048576K
}
Event: 4.594 GC heap before
{Heap before GC invocations=10 (full 1):
 PSYoungGen      total 26112K, used 26084K [0x00000000eab00000, 0x00000000eca00000, 0x0000000100000000)
  eden space 24064K, 100% used [0x00000000eab00000,0x00000000ec280000,0x00000000ec280000)
  from space 2048K, 98% used [0x00000000ec800000,0x00000000ec9f9220,0x00000000eca00000)
  to   space 3072K, 0% used [0x00000000ec400000,0x00000000ec400000,0x00000000ec700000)
 ParOldGen       total 68608K, used 11300K [0x00000000c0000000, 0x00000000c4300000, 0x00000000eab00000)
  object space 68608K, 16% used [0x00000000c0000000,0x00000000c0b093d8,0x00000000c4300000)
 Metaspace       used 31990K, committed 32640K, reserved 1114112K
  class space    used 3112K, committed 3392K, reserved 1048576K
}
Event: 4.596 GC heap after
{Heap after GC invocations=10 (full 1):
 PSYoungGen      total 26624K, used 2635K [0x00000000eab00000, 0x00000000ec880000, 0x0000000100000000)
  eden space 23552K, 0% used [0x00000000eab00000,0x00000000eab00000,0x00000000ec200000)
  from space 3072K, 85% used [0x00000000ec400000,0x00000000ec692d40,0x00000000ec700000)
  to   space 1536K, 0% used [0x00000000ec700000,0x00000000ec700000,0x00000000ec880000)
 ParOldGen       total 68608K, used 12730K [0x00000000c0000000, 0x00000000c4300000, 0x00000000eab00000)
  object space 68608K, 18% used [0x00000000c0000000,0x00000000c0c6e908,0x00000000c4300000)
 Metaspace       used 31990K, committed 32640K, reserved 1114112K
  class space    used 3112K, committed 3392K, reserved 1048576K
}
Event: 5.189 GC heap before
{Heap before GC invocations=11 (full 1):
 PSYoungGen      total 26624K, used 24182K [0x00000000eab00000, 0x00000000ec880000, 0x0000000100000000)
  eden space 23552K, 91% used [0x00000000eab00000,0x00000000ec00ad40,0x00000000ec200000)
  from space 3072K, 85% used [0x00000000ec400000,0x00000000ec692d40,0x00000000ec700000)
  to   space 1536K, 0% used [0x00000000ec700000,0x00000000ec700000,0x00000000ec880000)
 ParOldGen       total 68608K, used 12730K [0x00000000c0000000, 0x00000000c4300000, 0x00000000eab00000)
  object space 68608K, 18% used [0x00000000c0000000,0x00000000c0c6e908,0x00000000c4300000)
 Metaspace       used 35069K, committed 35840K, reserved 1114112K
  class space    used 3436K, committed 3776K, reserved 1048576K
}
Event: 5.191 GC heap after
{Heap after GC invocations=11 (full 1):
 PSYoungGen      total 25088K, used 1519K [0x00000000eab00000, 0x00000000eca00000, 0x0000000100000000)
  eden space 23552K, 0% used [0x00000000eab00000,0x00000000eab00000,0x00000000ec200000)
  from space 1536K, 98% used [0x00000000ec700000,0x00000000ec87bf08,0x00000000ec880000)
  to   space 4096K, 0% used [0x00000000ec200000,0x00000000ec200000,0x00000000ec600000)
 ParOldGen       total 68608K, used 14983K [0x00000000c0000000, 0x00000000c4300000, 0x00000000eab00000)
  object space 68608K, 21% used [0x00000000c0000000,0x00000000c0ea1f98,0x00000000c4300000)
 Metaspace       used 35069K, committed 35840K, reserved 1114112K
  class space    used 3436K, committed 3776K, reserved 1048576K
}
Event: 5.191 GC heap before
{Heap before GC invocations=12 (full 2):
 PSYoungGen      total 25088K, used 1519K [0x00000000eab00000, 0x00000000eca00000, 0x0000000100000000)
  eden space 23552K, 0% used [0x00000000eab00000,0x00000000eab00000,0x00000000ec200000)
  from space 1536K, 98% used [0x00000000ec700000,0x00000000ec87bf08,0x00000000ec880000)
  to   space 4096K, 0% used [0x00000000ec200000,0x00000000ec200000,0x00000000ec600000)
 ParOldGen       total 68608K, used 14983K [0x00000000c0000000, 0x00000000c4300000, 0x00000000eab00000)
  object space 68608K, 21% used [0x00000000c0000000,0x00000000c0ea1f98,0x00000000c4300000)
 Metaspace       used 35069K, committed 35840K, reserved 1114112K
  class space    used 3436K, committed 3776K, reserved 1048576K
}
Event: 5.225 GC heap after
{Heap after GC invocations=12 (full 2):
 PSYoungGen      total 25088K, used 0K [0x00000000eab00000, 0x00000000eca00000, 0x0000000100000000)
  eden space 23552K, 0% used [0x00000000eab00000,0x00000000eab00000,0x00000000ec200000)
  from space 1536K, 0% used [0x00000000ec700000,0x00000000ec700000,0x00000000ec880000)
  to   space 4096K, 0% used [0x00000000ec200000,0x00000000ec200000,0x00000000ec600000)
 ParOldGen       total 68608K, used 15066K [0x00000000c0000000, 0x00000000c4300000, 0x00000000eab00000)
  object space 68608K, 21% used [0x00000000c0000000,0x00000000c0eb6838,0x00000000c4300000)
 Metaspace       used 35069K, committed 35840K, reserved 1114112K
  class space    used 3436K, committed 3776K, reserved 1048576K
}
Event: 6.022 GC heap before
{Heap before GC invocations=13 (full 2):
 PSYoungGen      total 25088K, used 23552K [0x00000000eab00000, 0x00000000eca00000, 0x0000000100000000)
  eden space 23552K, 100% used [0x00000000eab00000,0x00000000ec200000,0x00000000ec200000)
  from space 1536K, 0% used [0x00000000ec700000,0x00000000ec700000,0x00000000ec880000)
  to   space 4096K, 0% used [0x00000000ec200000,0x00000000ec200000,0x00000000ec600000)
 ParOldGen       total 68608K, used 15066K [0x00000000c0000000, 0x00000000c4300000, 0x00000000eab00000)
  object space 68608K, 21% used [0x00000000c0000000,0x00000000c0eb6838,0x00000000c4300000)
 Metaspace       used 38397K, committed 39232K, reserved 1114112K
  class space    used 3857K, committed 4224K, reserved 1048576K
}
Event: 6.024 GC heap after
{Heap after GC invocations=13 (full 2):
 PSYoungGen      total 24576K, used 1033K [0x00000000eab00000, 0x00000000ec780000, 0x0000000100000000)
  eden space 23040K, 0% used [0x00000000eab00000,0x00000000eab00000,0x00000000ec180000)
  from space 1536K, 67% used [0x00000000ec200000,0x00000000ec302628,0x00000000ec380000)
  to   space 2048K, 0% used [0x00000000ec580000,0x00000000ec580000,0x00000000ec780000)
 ParOldGen       total 68608K, used 15074K [0x00000000c0000000, 0x00000000c4300000, 0x00000000eab00000)
  object space 68608K, 21% used [0x00000000c0000000,0x00000000c0eb8838,0x00000000c4300000)
 Metaspace       used 38397K, committed 39232K, reserved 1114112K
  class space    used 3857K, committed 4224K, reserved 1048576K
}
Event: 6.235 GC heap before
{Heap before GC invocations=14 (full 2):
 PSYoungGen      total 24576K, used 24073K [0x00000000eab00000, 0x00000000ec780000, 0x0000000100000000)
  eden space 23040K, 100% used [0x00000000eab00000,0x00000000ec180000,0x00000000ec180000)
  from space 1536K, 67% used [0x00000000ec200000,0x00000000ec302628,0x00000000ec380000)
  to   space 2048K, 0% used [0x00000000ec580000,0x00000000ec580000,0x00000000ec780000)
 ParOldGen       total 68608K, used 15074K [0x00000000c0000000, 0x00000000c4300000, 0x00000000eab00000)
  object space 68608K, 21% used [0x00000000c0000000,0x00000000c0eb8838,0x00000000c4300000)
 Metaspace       used 40817K, committed 41664K, reserved 1114112K
  class space    used 4209K, committed 4544K, reserved 1048576K
}
Event: 6.238 GC heap after
{Heap after GC invocations=14 (full 2):
 PSYoungGen      total 23552K, used 829K [0x00000000eab00000, 0x00000000ec680000, 0x0000000100000000)
  eden space 22528K, 0% used [0x00000000eab00000,0x00000000eab00000,0x00000000ec100000)
  from space 1024K, 81% used [0x00000000ec580000,0x00000000ec64f678,0x00000000ec680000)
  to   space 1536K, 0% used [0x00000000ec380000,0x00000000ec380000,0x00000000ec500000)
 ParOldGen       total 68608K, used 15965K [0x00000000c0000000, 0x00000000c4300000, 0x00000000eab00000)
  object space 68608K, 23% used [0x00000000c0000000,0x00000000c0f97718,0x00000000c4300000)
 Metaspace       used 40817K, committed 41664K, reserved 1114112K
  class space    used 4209K, committed 4544K, reserved 1048576K
}
Event: 6.436 GC heap before
{Heap before GC invocations=15 (full 2):
 PSYoungGen      total 23552K, used 23357K [0x00000000eab00000, 0x00000000ec680000, 0x0000000100000000)
  eden space 22528K, 100% used [0x00000000eab00000,0x00000000ec100000,0x00000000ec100000)
  from space 1024K, 81% used [0x00000000ec580000,0x00000000ec64f678,0x00000000ec680000)
  to   space 1536K, 0% used [0x00000000ec380000,0x00000000ec380000,0x00000000ec500000)
 ParOldGen       total 68608K, used 15965K [0x00000000c0000000, 0x00000000c4300000, 0x00000000eab00000)
  object space 68608K, 23% used [0x00000000c0000000,0x00000000c0f97718,0x00000000c4300000)
 Metaspace       used 42602K, committed 43456K, reserved 1114112K
  class space    used 4425K, committed 4800K, reserved 1048576K
}
Event: 6.438 GC heap after
{Heap after GC invocations=15 (full 2):
 PSYoungGen      total 23552K, used 1408K [0x00000000eab00000, 0x00000000ec600000, 0x0000000100000000)
  eden space 22016K, 0% used [0x00000000eab00000,0x00000000eab00000,0x00000000ec080000)
  from space 1536K, 91% used [0x00000000ec380000,0x00000000ec4e0000,0x00000000ec500000)
  to   space 1024K, 0% used [0x00000000ec500000,0x00000000ec500000,0x00000000ec600000)
 ParOldGen       total 68608K, used 16557K [0x00000000c0000000, 0x00000000c4300000, 0x00000000eab00000)
  object space 68608K, 24% used [0x00000000c0000000,0x00000000c102b718,0x00000000c4300000)
 Metaspace       used 42602K, committed 43456K, reserved 1114112K
  class space    used 4425K, committed 4800K, reserved 1048576K
}
Event: 6.774 GC heap before
{Heap before GC invocations=16 (full 2):
 PSYoungGen      total 23552K, used 23424K [0x00000000eab00000, 0x00000000ec600000, 0x0000000100000000)
  eden space 22016K, 100% used [0x00000000eab00000,0x00000000ec080000,0x00000000ec080000)
  from space 1536K, 91% used [0x00000000ec380000,0x00000000ec4e0000,0x00000000ec500000)
  to   space 1024K, 0% used [0x00000000ec500000,0x00000000ec500000,0x00000000ec600000)
 ParOldGen       total 68608K, used 16557K [0x00000000c0000000, 0x00000000c4300000, 0x00000000eab00000)
  object space 68608K, 24% used [0x00000000c0000000,0x00000000c102b718,0x00000000c4300000)
 Metaspace       used 44507K, committed 45504K, reserved 1114112K
  class space    used 4656K, committed 5056K, reserved 1048576K
}
Event: 6.776 GC heap after
{Heap after GC invocations=16 (full 2):
 PSYoungGen      total 23040K, used 704K [0x00000000eab00000, 0x00000000ec600000, 0x0000000100000000)
  eden space 22016K, 0% used [0x00000000eab00000,0x00000000eab00000,0x00000000ec080000)
  from space 1024K, 68% used [0x00000000ec500000,0x00000000ec5b0000,0x00000000ec600000)
  to   space 1024K, 0% used [0x00000000ec400000,0x00000000ec400000,0x00000000ec500000)
 ParOldGen       total 68608K, used 17236K [0x00000000c0000000, 0x00000000c4300000, 0x00000000eab00000)
  object space 68608K, 25% used [0x00000000c0000000,0x00000000c10d51f8,0x00000000c4300000)
 Metaspace       used 44507K, committed 45504K, reserved 1114112K
  class space    used 4656K, committed 5056K, reserved 1048576K
}
Event: 7.263 GC heap before
{Heap before GC invocations=17 (full 2):
 PSYoungGen      total 23040K, used 22720K [0x00000000eab00000, 0x00000000ec600000, 0x0000000100000000)
  eden space 22016K, 100% used [0x00000000eab00000,0x00000000ec080000,0x00000000ec080000)
  from space 1024K, 68% used [0x00000000ec500000,0x00000000ec5b0000,0x00000000ec600000)
  to   space 1024K, 0% used [0x00000000ec400000,0x00000000ec400000,0x00000000ec500000)
 ParOldGen       total 68608K, used 17236K [0x00000000c0000000, 0x00000000c4300000, 0x00000000eab00000)
  object space 68608K, 25% used [0x00000000c0000000,0x00000000c10d51f8,0x00000000c4300000)
 Metaspace       used 47109K, committed 48064K, reserved 1114112K
  class space    used 4997K, committed 5376K, reserved 1048576K
}
Event: 7.266 GC heap after
{Heap after GC invocations=17 (full 2):
 PSYoungGen      total 23040K, used 1024K [0x00000000eab00000, 0x00000000ec580000, 0x0000000100000000)
  eden space 22016K, 0% used [0x00000000eab00000,0x00000000eab00000,0x00000000ec080000)
  from space 1024K, 100% used [0x00000000ec400000,0x00000000ec500000,0x00000000ec500000)
  to   space 512K, 0% used [0x00000000ec500000,0x00000000ec500000,0x00000000ec580000)
 ParOldGen       total 68608K, used 17828K [0x00000000c0000000, 0x00000000c4300000, 0x00000000eab00000)
  object space 68608K, 25% used [0x00000000c0000000,0x00000000c11691f8,0x00000000c4300000)
 Metaspace       used 47109K, committed 48064K, reserved 1114112K
  class space    used 4997K, committed 5376K, reserved 1048576K
}
Event: 8.066 GC heap before
{Heap before GC invocations=18 (full 2):
 PSYoungGen      total 23040K, used 23036K [0x00000000eab00000, 0x00000000ec580000, 0x0000000100000000)
  eden space 22016K, 99% used [0x00000000eab00000,0x00000000ec07f198,0x00000000ec080000)
  from space 1024K, 100% used [0x00000000ec400000,0x00000000ec500000,0x00000000ec500000)
  to   space 512K, 0% used [0x00000000ec500000,0x00000000ec500000,0x00000000ec580000)
 ParOldGen       total 68608K, used 17828K [0x00000000c0000000, 0x00000000c4300000, 0x00000000eab00000)
  object space 68608K, 25% used [0x00000000c0000000,0x00000000c11691f8,0x00000000c4300000)
 Metaspace       used 49591K, committed 50496K, reserved 1114112K
  class space    used 5340K, committed 5696K, reserved 1048576K
}
Event: 8.069 GC heap after
{Heap after GC invocations=18 (full 2):
 PSYoungGen      total 22528K, used 502K [0x00000000eab00000, 0x00000000ec680000, 0x0000000100000000)
  eden space 22016K, 0% used [0x00000000eab00000,0x00000000eab00000,0x00000000ec080000)
  from space 512K, 98% used [0x00000000ec500000,0x00000000ec57d998,0x00000000ec580000)
  to   space 3072K, 0% used [0x00000000ec080000,0x00000000ec080000,0x00000000ec380000)
 ParOldGen       total 68608K, used 19814K [0x00000000c0000000, 0x00000000c4300000, 0x00000000eab00000)
  object space 68608K, 28% used [0x00000000c0000000,0x00000000c1359830,0x00000000c4300000)
 Metaspace       used 49591K, committed 50496K, reserved 1114112K
  class space    used 5340K, committed 5696K, reserved 1048576K
}

