# JRE version: OpenJDK Runtime Environment Temurin-17.0.10+7 (17.0.10+7) (build 17.0.10+7)
# Java VM: OpenJDK 64-Bit Server VM Temurin-17.0.10+7 (17.0.10+7, mixed mode, tiered, compressed oops, compressed class ptrs, parallel gc, windows-amd64)
GC Precious Log:
 CPUs: 8 total, 8 available
 Memory: 7985M
 Large Page Support: Disabled
 NUMA Support: Disabled
 Compressed Oops: Enabled (32-bit)
 Alignments: Space 512K, Generation 512K, Heap 2M
 Heap Min Capacity: 100M
 Heap Initial Capacity: 100M
 Heap Max Capacity: 1G
 Pre-touch: Disabled
 Parallel Workers: 8
Heap:
 PSYoungGen      total 22016K, used 3918K [0x00000000eab00000, 0x00000000ec680000, 0x0000000100000000)
  eden space 21504K, 17% used [0x00000000eab00000,0x00000000eaebb870,0x00000000ec000000)
  from space 512K, 18% used [0x00000000ec480000,0x00000000ec498000,0x00000000ec500000)
  to   space 1024K, 0% used [0x00000000ec580000,0x00000000ec580000,0x00000000ec680000)
 ParOldGen       total 68608K, used 29336K [0x00000000c0000000, 0x00000000c4300000, 0x00000000eab00000)
  object space 68608K, 42% used [0x00000000c0000000,0x00000000c1ca6170,0x00000000c4300000)
 Metaspace       used 43494K, committed 44224K, reserved 1114112K
  class space    used 4422K, committed 4736K, reserved 1048576K
GC Heap History (20 events):
Event: 5.948 GC heap before
{Heap before GC invocations=12 (full 2):
 PSYoungGen      total 26112K, used 23552K [0x00000000eab00000, 0x00000000ec800000, 0x0000000100000000)
  eden space 23552K, 100% used [0x00000000eab00000,0x00000000ec200000,0x00000000ec200000)
  from space 2560K, 0% used [0x00000000ec280000,0x00000000ec280000,0x00000000ec500000)
  to   space 3072K, 0% used [0x00000000ec500000,0x00000000ec500000,0x00000000ec800000)
 ParOldGen       total 68608K, used 12289K [0x00000000c0000000, 0x00000000c4300000, 0x00000000eab00000)
  object space 68608K, 17% used [0x00000000c0000000,0x00000000c0c007d8,0x00000000c4300000)
 Metaspace       used 37379K, committed 38080K, reserved 1114112K
  class space    used 3775K, committed 4096K, reserved 1048576K
}
Event: 5.950 GC heap after
{Heap after GC invocations=12 (full 2):
 PSYoungGen      total 25600K, used 2355K [0x00000000eab00000, 0x00000000ec780000, 0x0000000100000000)
  eden space 23040K, 0% used [0x00000000eab00000,0x00000000eab00000,0x00000000ec180000)
  from space 2560K, 92% used [0x00000000ec500000,0x00000000ec74cf60,0x00000000ec780000)
  to   space 2560K, 0% used [0x00000000ec280000,0x00000000ec280000,0x00000000ec500000)
 ParOldGen       total 68608K, used 12297K [0x00000000c0000000, 0x00000000c4300000, 0x00000000eab00000)
  object space 68608K, 17% used [0x00000000c0000000,0x00000000c0c027d8,0x00000000c4300000)
 Metaspace       used 37379K, committed 38080K, reserved 1114112K
  class space    used 3775K, committed 4096K, reserved 1048576K
}
Event: 6.094 GC heap before
{Heap before GC invocations=13 (full 2):
 PSYoungGen      total 25600K, used 25395K [0x00000000eab00000, 0x00000000ec780000, 0x0000000100000000)
  eden space 23040K, 100% used [0x00000000eab00000,0x00000000ec180000,0x00000000ec180000)
  from space 2560K, 92% used [0x00000000ec500000,0x00000000ec74cf60,0x00000000ec780000)
  to   space 2560K, 0% used [0x00000000ec280000,0x00000000ec280000,0x00000000ec500000)
 ParOldGen       total 68608K, used 12297K [0x00000000c0000000, 0x00000000c4300000, 0x00000000eab00000)
  object space 68608K, 17% used [0x00000000c0000000,0x00000000c0c027d8,0x00000000c4300000)
 Metaspace       used 37571K, committed 38272K, reserved 1114112K
  class space    used 3794K, committed 4096K, reserved 1048576K
}
Event: 6.097 GC heap after
{Heap after GC invocations=13 (full 2):
 PSYoungGen      total 25088K, used 2304K [0x00000000eab00000, 0x00000000ec600000, 0x0000000100000000)
  eden space 22528K, 0% used [0x00000000eab00000,0x00000000eab00000,0x00000000ec100000)
  from space 2560K, 90% used [0x00000000ec280000,0x00000000ec4c0010,0x00000000ec500000)
  to   space 1024K, 0% used [0x00000000ec500000,0x00000000ec500000,0x00000000ec600000)
 ParOldGen       total 68608K, used 14526K [0x00000000c0000000, 0x00000000c4300000, 0x00000000eab00000)
  object space 68608K, 21% used [0x00000000c0000000,0x00000000c0e2fab8,0x00000000c4300000)
 Metaspace       used 37571K, committed 38272K, reserved 1114112K
  class space    used 3794K, committed 4096K, reserved 1048576K
}
Event: 6.232 GC heap before
{Heap before GC invocations=14 (full 2):
 PSYoungGen      total 25088K, used 24832K [0x00000000eab00000, 0x00000000ec600000, 0x0000000100000000)
  eden space 22528K, 100% used [0x00000000eab00000,0x00000000ec100000,0x00000000ec100000)
  from space 2560K, 90% used [0x00000000ec280000,0x00000000ec4c0010,0x00000000ec500000)
  to   space 1024K, 0% used [0x00000000ec500000,0x00000000ec500000,0x00000000ec600000)
 ParOldGen       total 68608K, used 14526K [0x00000000c0000000, 0x00000000c4300000, 0x00000000eab00000)
  object space 68608K, 21% used [0x00000000c0000000,0x00000000c0e2fab8,0x00000000c4300000)
 Metaspace       used 37659K, committed 38400K, reserved 1114112K
  class space    used 3807K, committed 4096K, reserved 1048576K
}
Event: 6.236 GC heap after
{Heap after GC invocations=14 (full 2):
 PSYoungGen      total 22528K, used 1024K [0x00000000eab00000, 0x00000000eca80000, 0x0000000100000000)
  eden space 21504K, 0% used [0x00000000eab00000,0x00000000eab00000,0x00000000ec000000)
  from space 1024K, 100% used [0x00000000ec500000,0x00000000ec600000,0x00000000ec600000)
  to   space 5120K, 0% used [0x00000000ec000000,0x00000000ec000000,0x00000000ec500000)
 ParOldGen       total 68608K, used 17886K [0x00000000c0000000, 0x00000000c4300000, 0x00000000eab00000)
  object space 68608K, 26% used [0x00000000c0000000,0x00000000c1177ac8,0x00000000c4300000)
 Metaspace       used 37659K, committed 38400K, reserved 1114112K
  class space    used 3807K, committed 4096K, reserved 1048576K
}
Event: 6.323 GC heap before
{Heap before GC invocations=15 (full 2):
 PSYoungGen      total 22528K, used 22528K [0x00000000eab00000, 0x00000000eca80000, 0x0000000100000000)
  eden space 21504K, 100% used [0x00000000eab00000,0x00000000ec000000,0x00000000ec000000)
  from space 1024K, 100% used [0x00000000ec500000,0x00000000ec600000,0x00000000ec600000)
  to   space 5120K, 0% used [0x00000000ec000000,0x00000000ec000000,0x00000000ec500000)
 ParOldGen       total 68608K, used 17886K [0x00000000c0000000, 0x00000000c4300000, 0x00000000eab00000)
  object space 68608K, 26% used [0x00000000c0000000,0x00000000c1177ac8,0x00000000c4300000)
 Metaspace       used 37660K, committed 38400K, reserved 1114112K
  class space    used 3807K, committed 4096K, reserved 1048576K
}
Event: 6.326 GC heap after
{Heap after GC invocations=15 (full 2):
 PSYoungGen      total 24064K, used 2432K [0x00000000eab00000, 0x00000000ec700000, 0x0000000100000000)
  eden space 21504K, 0% used [0x00000000eab00000,0x00000000eab00000,0x00000000ec000000)
  from space 2560K, 95% used [0x00000000ec000000,0x00000000ec260000,0x00000000ec280000)
  to   space 3584K, 0% used [0x00000000ec380000,0x00000000ec380000,0x00000000ec700000)
 ParOldGen       total 68608K, used 18893K [0x00000000c0000000, 0x00000000c4300000, 0x00000000eab00000)
  object space 68608K, 27% used [0x00000000c0000000,0x00000000c12734a0,0x00000000c4300000)
 Metaspace       used 37660K, committed 38400K, reserved 1114112K
  class space    used 3807K, committed 4096K, reserved 1048576K
}
Event: 6.397 GC heap before
{Heap before GC invocations=16 (full 2):
 PSYoungGen      total 24064K, used 23936K [0x00000000eab00000, 0x00000000ec700000, 0x0000000100000000)
  eden space 21504K, 100% used [0x00000000eab00000,0x00000000ec000000,0x00000000ec000000)
  from space 2560K, 95% used [0x00000000ec000000,0x00000000ec260000,0x00000000ec280000)
  to   space 3584K, 0% used [0x00000000ec380000,0x00000000ec380000,0x00000000ec700000)
 ParOldGen       total 68608K, used 18893K [0x00000000c0000000, 0x00000000c4300000, 0x00000000eab00000)
  object space 68608K, 27% used [0x00000000c0000000,0x00000000c12734a0,0x00000000c4300000)
 Metaspace       used 37661K, committed 38400K, reserved 1114112K
  class space    used 3807K, committed 4096K, reserved 1048576K
}
Event: 6.401 GC heap after
{Heap after GC invocations=16 (full 2):
 PSYoungGen      total 24576K, used 2592K [0x00000000eab00000, 0x00000000ec680000, 0x0000000100000000)
  eden space 21504K, 0% used [0x00000000eab00000,0x00000000eab00000,0x00000000ec000000)
  from space 3072K, 84% used [0x00000000ec380000,0x00000000ec608010,0x00000000ec680000)
  to   space 3072K, 0% used [0x00000000ec080000,0x00000000ec080000,0x00000000ec380000)
 ParOldGen       total 68608K, used 21229K [0x00000000c0000000, 0x00000000c4300000, 0x00000000eab00000)
  object space 68608K, 30% used [0x00000000c0000000,0x00000000c14bb4a0,0x00000000c4300000)
 Metaspace       used 37661K, committed 38400K, reserved 1114112K
  class space    used 3807K, committed 4096K, reserved 1048576K
}
Event: 6.838 GC heap before
{Heap before GC invocations=17 (full 2):
 PSYoungGen      total 24576K, used 24096K [0x00000000eab00000, 0x00000000ec680000, 0x0000000100000000)
  eden space 21504K, 100% used [0x00000000eab00000,0x00000000ec000000,0x00000000ec000000)
  from space 3072K, 84% used [0x00000000ec380000,0x00000000ec608010,0x00000000ec680000)
  to   space 3072K, 0% used [0x00000000ec080000,0x00000000ec080000,0x00000000ec380000)
 ParOldGen       total 68608K, used 21229K [0x00000000c0000000, 0x00000000c4300000, 0x00000000eab00000)
  object space 68608K, 30% used [0x00000000c0000000,0x00000000c14bb4a0,0x00000000c4300000)
 Metaspace       used 38273K, committed 39040K, reserved 1114112K
  class space    used 3878K, committed 4224K, reserved 1048576K
}
Event: 6.846 GC heap after
{Heap after GC invocations=17 (full 2):
 PSYoungGen      total 24576K, used 3044K [0x00000000eab00000, 0x00000000ece00000, 0x0000000100000000)
  eden space 21504K, 0% used [0x00000000eab00000,0x00000000eab00000,0x00000000ec000000)
  from space 3072K, 99% used [0x00000000ec080000,0x00000000ec379020,0x00000000ec380000)
  to   space 7168K, 0% used [0x00000000ec700000,0x00000000ec700000,0x00000000ece00000)
 ParOldGen       total 68608K, used 24477K [0x00000000c0000000, 0x00000000c4300000, 0x00000000eab00000)
  object space 68608K, 35% used [0x00000000c0000000,0x00000000c17e7510,0x00000000c4300000)
 Metaspace       used 38273K, committed 39040K, reserved 1114112K
  class space    used 3878K, committed 4224K, reserved 1048576K
}
Event: 7.366 GC heap before
{Heap before GC invocations=18 (full 2):
 PSYoungGen      total 24576K, used 24548K [0x00000000eab00000, 0x00000000ece00000, 0x0000000100000000)
  eden space 21504K, 100% used [0x00000000eab00000,0x00000000ec000000,0x00000000ec000000)
  from space 3072K, 99% used [0x00000000ec080000,0x00000000ec379020,0x00000000ec380000)
  to   space 7168K, 0% used [0x00000000ec700000,0x00000000ec700000,0x00000000ece00000)
 ParOldGen       total 68608K, used 24477K [0x00000000c0000000, 0x00000000c4300000, 0x00000000eab00000)
  object space 68608K, 35% used [0x00000000c0000000,0x00000000c17e7510,0x00000000c4300000)
 Metaspace       used 40563K, committed 41280K, reserved 1114112K
  class space    used 4134K, committed 4416K, reserved 1048576K
}
Event: 7.370 GC heap after
{Heap after GC invocations=18 (full 2):
 PSYoungGen      total 23040K, used 1432K [0x00000000eab00000, 0x00000000ec880000, 0x0000000100000000)
  eden space 21504K, 0% used [0x00000000eab00000,0x00000000eab00000,0x00000000ec000000)
  from space 1536K, 93% used [0x00000000ec700000,0x00000000ec866288,0x00000000ec880000)
  to   space 3584K, 0% used [0x00000000ec180000,0x00000000ec180000,0x00000000ec500000)
 ParOldGen       total 68608K, used 27526K [0x00000000c0000000, 0x00000000c4300000, 0x00000000eab00000)
  object space 68608K, 40% used [0x00000000c0000000,0x00000000c1ae1888,0x00000000c4300000)
 Metaspace       used 40563K, committed 41280K, reserved 1114112K
  class space    used 4134K, committed 4416K, reserved 1048576K
}
Event: 7.959 GC heap before
{Heap before GC invocations=19 (full 2):
 PSYoungGen      total 23040K, used 22936K [0x00000000eab00000, 0x00000000ec880000, 0x0000000100000000)
  eden space 21504K, 100% used [0x00000000eab00000,0x00000000ec000000,0x00000000ec000000)
  from space 1536K, 93% used [0x00000000ec700000,0x00000000ec866288,0x00000000ec880000)
  to   space 3584K, 0% used [0x00000000ec180000,0x00000000ec180000,0x00000000ec500000)
 ParOldGen       total 68608K, used 27526K [0x00000000c0000000, 0x00000000c4300000, 0x00000000eab00000)
  object space 68608K, 40% used [0x00000000c0000000,0x00000000c1ae1888,0x00000000c4300000)
 Metaspace       used 41618K, committed 42368K, reserved 1114112K
  class space    used 4255K, committed 4544K, reserved 1048576K
}
Event: 7.961 GC heap after
{Heap after GC invocations=19 (full 2):
 PSYoungGen      total 25088K, used 384K [0x00000000eab00000, 0x00000000ec780000, 0x0000000100000000)
  eden space 21504K, 0% used [0x00000000eab00000,0x00000000eab00000,0x00000000ec000000)
  from space 3584K, 10% used [0x00000000ec180000,0x00000000ec1e0000,0x00000000ec500000)
  to   space 1536K, 0% used [0x00000000ec600000,0x00000000ec600000,0x00000000ec780000)
 ParOldGen       total 68608K, used 28896K [0x00000000c0000000, 0x00000000c4300000, 0x00000000eab00000)
  object space 68608K, 42% used [0x00000000c0000000,0x00000000c1c38170,0x00000000c4300000)
 Metaspace       used 41618K, committed 42368K, reserved 1114112K
  class space    used 4255K, committed 4544K, reserved 1048576K
}
Event: 8.254 GC heap before
{Heap before GC invocations=20 (full 2):
 PSYoungGen      total 25088K, used 21888K [0x00000000eab00000, 0x00000000ec780000, 0x0000000100000000)
  eden space 21504K, 100% used [0x00000000eab00000,0x00000000ec000000,0x00000000ec000000)
  from space 3584K, 10% used [0x00000000ec180000,0x00000000ec1e0000,0x00000000ec500000)
  to   space 1536K, 0% used [0x00000000ec600000,0x00000000ec600000,0x00000000ec780000)
 ParOldGen       total 68608K, used 28896K [0x00000000c0000000, 0x00000000c4300000, 0x00000000eab00000)
  object space 68608K, 42% used [0x00000000c0000000,0x00000000c1c38170,0x00000000c4300000)
 Metaspace       used 42316K, committed 43072K, reserved 1114112K
  class space    used 4307K, committed 4608K, reserved 1048576K
}
Event: 8.256 GC heap after
{Heap after GC invocations=20 (full 2):
 PSYoungGen      total 23040K, used 1240K [0x00000000eab00000, 0x00000000ec780000, 0x0000000100000000)
  eden space 21504K, 0% used [0x00000000eab00000,0x00000000eab00000,0x00000000ec000000)
  from space 1536K, 80% used [0x00000000ec600000,0x00000000ec7363c0,0x00000000ec780000)
  to   space 1536K, 0% used [0x00000000ec480000,0x00000000ec480000,0x00000000ec600000)
 ParOldGen       total 68608K, used 29176K [0x00000000c0000000, 0x00000000c4300000, 0x00000000eab00000)
  object space 68608K, 42% used [0x00000000c0000000,0x00000000c1c7e170,0x00000000c4300000)
 Metaspace       used 42316K, committed 43072K, reserved 1114112K
  class space    used 4307K, committed 4608K, reserved 1048576K
}
Event: 8.538 GC heap before
{Heap before GC invocations=21 (full 2):
 PSYoungGen      total 23040K, used 22744K [0x00000000eab00000, 0x00000000ec780000, 0x0000000100000000)
  eden space 21504K, 100% used [0x00000000eab00000,0x00000000ec000000,0x00000000ec000000)
  from space 1536K, 80% used [0x00000000ec600000,0x00000000ec7363c0,0x00000000ec780000)
  to   space 1536K, 0% used [0x00000000ec480000,0x00000000ec480000,0x00000000ec600000)
 ParOldGen       total 68608K, used 29176K [0x00000000c0000000, 0x00000000c4300000, 0x00000000eab00000)
  object space 68608K, 42% used [0x00000000c0000000,0x00000000c1c7e170,0x00000000c4300000)
 Metaspace       used 42906K, committed 43648K, reserved 1114112K
  class space    used 4361K, committed 4672K, reserved 1048576K
}
Event: 8.538 GC heap after
{Heap after GC invocations=21 (full 2):
 PSYoungGen      total 22016K, used 96K [0x00000000eab00000, 0x00000000ec680000, 0x0000000100000000)
  eden space 21504K, 0% used [0x00000000eab00000,0x00000000eab00000,0x00000000ec000000)
  from space 512K, 18% used [0x00000000ec480000,0x00000000ec498000,0x00000000ec500000)
  to   space 1024K, 0% used [0x00000000ec580000,0x00000000ec580000,0x00000000ec680000)
 ParOldGen       total 68608K, used 29336K [0x00000000c0000000, 0x00000000c4300000, 0x00000000eab00000)
  object space 68608K, 42% used [0x00000000c0000000,0x00000000c1ca6170,0x00000000c4300000)
 Metaspace       used 42906K, committed 43648K, reserved 1114112K
  class space    used 4361K, committed 4672K, reserved 1048576K
}

