# JRE version: OpenJDK Runtime Environment Temurin-17.0.10+7 (17.0.10+7) (build 17.0.10+7)
# Java VM: OpenJDK 64-Bit Server VM Temurin-17.0.10+7 (17.0.10+7, mixed mode, tiered, compressed oops, compressed class ptrs, parallel gc, windows-amd64)
GC Precious Log:
 CPUs: 8 total, 8 available
 Memory: 7985M
 Large Page Support: Disabled
 NUMA Support: Disabled
 Compressed Oops: Enabled (32-bit)
 Alignments: Space 512K, Generation 512K, Heap 2M
 Heap Min Capacity: 100M
 Heap Initial Capacity: 100M
 Heap Max Capacity: 1G
 Pre-touch: Disabled
 Parallel Workers: 8
Heap:
 PSYoungGen      total 20480K, used 7391K [0x00000000eab00000, 0x00000000ec380000, 0x0000000100000000)
  eden space 19968K, 34% used [0x00000000eab00000,0x00000000eb1b7f30,0x00000000ebe80000)
  from space 512K, 100% used [0x00000000ec280000,0x00000000ec300000,0x00000000ec300000)
  to   space 512K, 0% used [0x00000000ec300000,0x00000000ec300000,0x00000000ec380000)
 ParOldGen       total 68608K, used 30346K [0x00000000c0000000, 0x00000000c4300000, 0x00000000eab00000)
  object space 68608K, 44% used [0x00000000c0000000,0x00000000c1da2930,0x00000000c4300000)
 Metaspace       used 47754K, committed 48576K, reserved 1114112K
  class space    used 4830K, committed 5248K, reserved 1048576K
GC Heap History (20 events):
Event: 6.073 GC heap before
{Heap before GC invocations=14 (full 2):
 PSYoungGen      total 20480K, used 19968K [0x00000000eab00000, 0x00000000ec580000, 0x0000000100000000)
  eden space 19968K, 100% used [0x00000000eab00000,0x00000000ebe80000,0x00000000ebe80000)
  from space 512K, 0% used [0x00000000ebe80000,0x00000000ebe80000,0x00000000ebf00000)
  to   space 2560K, 0% used [0x00000000ec300000,0x00000000ec300000,0x00000000ec580000)
 ParOldGen       total 68608K, used 16600K [0x00000000c0000000, 0x00000000c4300000, 0x00000000eab00000)
  object space 68608K, 24% used [0x00000000c0000000,0x00000000c1036250,0x00000000c4300000)
 Metaspace       used 37371K, committed 38080K, reserved 1114112K
  class space    used 3767K, committed 4096K, reserved 1048576K
}
Event: 6.076 GC heap after
{Heap after GC invocations=14 (full 2):
 PSYoungGen      total 21504K, used 1515K [0x00000000eab00000, 0x00000000ec480000, 0x0000000100000000)
  eden space 19968K, 0% used [0x00000000eab00000,0x00000000eab00000,0x00000000ebe80000)
  from space 1536K, 98% used [0x00000000ec300000,0x00000000ec47ae90,0x00000000ec480000)
  to   space 2048K, 0% used [0x00000000ec080000,0x00000000ec080000,0x00000000ec280000)
 ParOldGen       total 68608K, used 16608K [0x00000000c0000000, 0x00000000c4300000, 0x00000000eab00000)
  object space 68608K, 24% used [0x00000000c0000000,0x00000000c1038250,0x00000000c4300000)
 Metaspace       used 37371K, committed 38080K, reserved 1114112K
  class space    used 3767K, committed 4096K, reserved 1048576K
}
Event: 6.147 GC heap before
{Heap before GC invocations=15 (full 2):
 PSYoungGen      total 21504K, used 21483K [0x00000000eab00000, 0x00000000ec480000, 0x0000000100000000)
  eden space 19968K, 100% used [0x00000000eab00000,0x00000000ebe80000,0x00000000ebe80000)
  from space 1536K, 98% used [0x00000000ec300000,0x00000000ec47ae90,0x00000000ec480000)
  to   space 2048K, 0% used [0x00000000ec080000,0x00000000ec080000,0x00000000ec280000)
 ParOldGen       total 68608K, used 16608K [0x00000000c0000000, 0x00000000c4300000, 0x00000000eab00000)
  object space 68608K, 24% used [0x00000000c0000000,0x00000000c1038250,0x00000000c4300000)
 Metaspace       used 37504K, committed 38208K, reserved 1114112K
  class space    used 3786K, committed 4096K, reserved 1048576K
}
Event: 6.149 GC heap after
{Heap after GC invocations=15 (full 2):
 PSYoungGen      total 22016K, used 2048K [0x00000000eab00000, 0x00000000ec680000, 0x0000000100000000)
  eden space 19968K, 0% used [0x00000000eab00000,0x00000000eab00000,0x00000000ebe80000)
  from space 2048K, 100% used [0x00000000ec080000,0x00000000ec280000,0x00000000ec280000)
  to   space 4096K, 0% used [0x00000000ec280000,0x00000000ec280000,0x00000000ec680000)
 ParOldGen       total 68608K, used 18075K [0x00000000c0000000, 0x00000000c4300000, 0x00000000eab00000)
  object space 68608K, 26% used [0x00000000c0000000,0x00000000c11a6c50,0x00000000c4300000)
 Metaspace       used 37504K, committed 38208K, reserved 1114112K
  class space    used 3786K, committed 4096K, reserved 1048576K
}
Event: 6.197 GC heap before
{Heap before GC invocations=16 (full 2):
 PSYoungGen      total 22016K, used 22016K [0x00000000eab00000, 0x00000000ec680000, 0x0000000100000000)
  eden space 19968K, 100% used [0x00000000eab00000,0x00000000ebe80000,0x00000000ebe80000)
  from space 2048K, 100% used [0x00000000ec080000,0x00000000ec280000,0x00000000ec280000)
  to   space 4096K, 0% used [0x00000000ec280000,0x00000000ec280000,0x00000000ec680000)
 ParOldGen       total 68608K, used 18075K [0x00000000c0000000, 0x00000000c4300000, 0x00000000eab00000)
  object space 68608K, 26% used [0x00000000c0000000,0x00000000c11a6c50,0x00000000c4300000)
 Metaspace       used 37526K, committed 38272K, reserved 1114112K
  class space    used 3791K, committed 4160K, reserved 1048576K
}
Event: 6.200 GC heap after
{Heap after GC invocations=16 (full 2):
 PSYoungGen      total 22528K, used 2496K [0x00000000eab00000, 0x00000000ec500000, 0x0000000100000000)
  eden space 19968K, 0% used [0x00000000eab00000,0x00000000eab00000,0x00000000ebe80000)
  from space 2560K, 97% used [0x00000000ec280000,0x00000000ec4f0010,0x00000000ec500000)
  to   space 3072K, 0% used [0x00000000ebf00000,0x00000000ebf00000,0x00000000ec200000)
 ParOldGen       total 68608K, used 20147K [0x00000000c0000000, 0x00000000c4300000, 0x00000000eab00000)
  object space 68608K, 29% used [0x00000000c0000000,0x00000000c13acc50,0x00000000c4300000)
 Metaspace       used 37526K, committed 38272K, reserved 1114112K
  class space    used 3791K, committed 4160K, reserved 1048576K
}
Event: 6.288 GC heap before
{Heap before GC invocations=17 (full 2):
 PSYoungGen      total 22528K, used 22464K [0x00000000eab00000, 0x00000000ec500000, 0x0000000100000000)
  eden space 19968K, 100% used [0x00000000eab00000,0x00000000ebe80000,0x00000000ebe80000)
  from space 2560K, 97% used [0x00000000ec280000,0x00000000ec4f0010,0x00000000ec500000)
  to   space 3072K, 0% used [0x00000000ebf00000,0x00000000ebf00000,0x00000000ec200000)
 ParOldGen       total 68608K, used 20147K [0x00000000c0000000, 0x00000000c4300000, 0x00000000eab00000)
  object space 68608K, 29% used [0x00000000c0000000,0x00000000c13acc50,0x00000000c4300000)
 Metaspace       used 37578K, committed 38336K, reserved 1114112K
  class space    used 3794K, committed 4160K, reserved 1048576K
}
Event: 6.293 GC heap after
{Heap after GC invocations=17 (full 2):
 PSYoungGen      total 23040K, used 3042K [0x00000000eab00000, 0x00000000eca80000, 0x0000000100000000)
  eden space 19968K, 0% used [0x00000000eab00000,0x00000000eab00000,0x00000000ebe80000)
  from space 3072K, 99% used [0x00000000ebf00000,0x00000000ec1f8800,0x00000000ec200000)
  to   space 6144K, 0% used [0x00000000ec480000,0x00000000ec480000,0x00000000eca80000)
 ParOldGen       total 68608K, used 22547K [0x00000000c0000000, 0x00000000c4300000, 0x00000000eab00000)
  object space 68608K, 32% used [0x00000000c0000000,0x00000000c1604c60,0x00000000c4300000)
 Metaspace       used 37578K, committed 38336K, reserved 1114112K
  class space    used 3794K, committed 4160K, reserved 1048576K
}
Event: 6.795 GC heap before
{Heap before GC invocations=18 (full 2):
 PSYoungGen      total 23040K, used 23010K [0x00000000eab00000, 0x00000000eca80000, 0x0000000100000000)
  eden space 19968K, 100% used [0x00000000eab00000,0x00000000ebe80000,0x00000000ebe80000)
  from space 3072K, 99% used [0x00000000ebf00000,0x00000000ec1f8800,0x00000000ec200000)
  to   space 6144K, 0% used [0x00000000ec480000,0x00000000ec480000,0x00000000eca80000)
 ParOldGen       total 68608K, used 22547K [0x00000000c0000000, 0x00000000c4300000, 0x00000000eab00000)
  object space 68608K, 32% used [0x00000000c0000000,0x00000000c1604c60,0x00000000c4300000)
 Metaspace       used 39783K, committed 40512K, reserved 1114112K
  class space    used 4074K, committed 4416K, reserved 1048576K
}
Event: 6.801 GC heap after
{Heap after GC invocations=18 (full 2):
 PSYoungGen      total 23040K, used 2770K [0x00000000eab00000, 0x00000000ec780000, 0x0000000100000000)
  eden space 19968K, 0% used [0x00000000eab00000,0x00000000eab00000,0x00000000ebe80000)
  from space 3072K, 90% used [0x00000000ec480000,0x00000000ec7349c0,0x00000000ec780000)
  to   space 4096K, 0% used [0x00000000ebf80000,0x00000000ebf80000,0x00000000ec380000)
 ParOldGen       total 68608K, used 25423K [0x00000000c0000000, 0x00000000c4300000, 0x00000000eab00000)
  object space 68608K, 37% used [0x00000000c0000000,0x00000000c18d3fb8,0x00000000c4300000)
 Metaspace       used 39783K, committed 40512K, reserved 1114112K
  class space    used 4074K, committed 4416K, reserved 1048576K
}
Event: 7.284 GC heap before
{Heap before GC invocations=19 (full 2):
 PSYoungGen      total 23040K, used 22738K [0x00000000eab00000, 0x00000000ec780000, 0x0000000100000000)
  eden space 19968K, 100% used [0x00000000eab00000,0x00000000ebe80000,0x00000000ebe80000)
  from space 3072K, 90% used [0x00000000ec480000,0x00000000ec7349c0,0x00000000ec780000)
  to   space 4096K, 0% used [0x00000000ebf80000,0x00000000ebf80000,0x00000000ec380000)
 ParOldGen       total 68608K, used 25423K [0x00000000c0000000, 0x00000000c4300000, 0x00000000eab00000)
  object space 68608K, 37% used [0x00000000c0000000,0x00000000c18d3fb8,0x00000000c4300000)
 Metaspace       used 40569K, committed 41280K, reserved 1114112K
  class space    used 4182K, committed 4544K, reserved 1048576K
}
Event: 7.287 GC heap after
{Heap after GC invocations=19 (full 2):
 PSYoungGen      total 24064K, used 384K [0x00000000eab00000, 0x00000000ec500000, 0x0000000100000000)
  eden space 19968K, 0% used [0x00000000eab00000,0x00000000eab00000,0x00000000ebe80000)
  from space 4096K, 9% used [0x00000000ebf80000,0x00000000ebfe0000,0x00000000ec380000)
  to   space 1536K, 0% used [0x00000000ec380000,0x00000000ec380000,0x00000000ec500000)
 ParOldGen       total 68608K, used 27868K [0x00000000c0000000, 0x00000000c4300000, 0x00000000eab00000)
  object space 68608K, 40% used [0x00000000c0000000,0x00000000c1b371f8,0x00000000c4300000)
 Metaspace       used 40569K, committed 41280K, reserved 1114112K
  class space    used 4182K, committed 4544K, reserved 1048576K
}
Event: 7.830 GC heap before
{Heap before GC invocations=20 (full 2):
 PSYoungGen      total 24064K, used 20238K [0x00000000eab00000, 0x00000000ec500000, 0x0000000100000000)
  eden space 19968K, 99% used [0x00000000eab00000,0x00000000ebe63920,0x00000000ebe80000)
  from space 4096K, 9% used [0x00000000ebf80000,0x00000000ebfe0000,0x00000000ec380000)
  to   space 1536K, 0% used [0x00000000ec380000,0x00000000ec380000,0x00000000ec500000)
 ParOldGen       total 68608K, used 27868K [0x00000000c0000000, 0x00000000c4300000, 0x00000000eab00000)
  object space 68608K, 40% used [0x00000000c0000000,0x00000000c1b371f8,0x00000000c4300000)
 Metaspace       used 41956K, committed 42688K, reserved 1114112K
  class space    used 4274K, committed 4608K, reserved 1048576K
}
Event: 7.833 GC heap after
{Heap after GC invocations=20 (full 2):
 PSYoungGen      total 21504K, used 1511K [0x00000000eab00000, 0x00000000ec500000, 0x0000000100000000)
  eden space 19968K, 0% used [0x00000000eab00000,0x00000000eab00000,0x00000000ebe80000)
  from space 1536K, 98% used [0x00000000ec380000,0x00000000ec4f9e20,0x00000000ec500000)
  to   space 2048K, 0% used [0x00000000ec100000,0x00000000ec100000,0x00000000ec300000)
 ParOldGen       total 68608K, used 28100K [0x00000000c0000000, 0x00000000c4300000, 0x00000000eab00000)
  object space 68608K, 40% used [0x00000000c0000000,0x00000000c1b711f8,0x00000000c4300000)
 Metaspace       used 41956K, committed 42688K, reserved 1114112K
  class space    used 4274K, committed 4608K, reserved 1048576K
}
Event: 7.987 GC heap before
{Heap before GC invocations=21 (full 2):
 PSYoungGen      total 21504K, used 21479K [0x00000000eab00000, 0x00000000ec500000, 0x0000000100000000)
  eden space 19968K, 100% used [0x00000000eab00000,0x00000000ebe80000,0x00000000ebe80000)
  from space 1536K, 98% used [0x00000000ec380000,0x00000000ec4f9e20,0x00000000ec500000)
  to   space 2048K, 0% used [0x00000000ec100000,0x00000000ec100000,0x00000000ec300000)
 ParOldGen       total 68608K, used 28100K [0x00000000c0000000, 0x00000000c4300000, 0x00000000eab00000)
  object space 68608K, 40% used [0x00000000c0000000,0x00000000c1b711f8,0x00000000c4300000)
 Metaspace       used 41982K, committed 42688K, reserved 1114112K
  class space    used 4274K, committed 4608K, reserved 1048576K
}
Event: 7.989 GC heap after
{Heap after GC invocations=21 (full 2):
 PSYoungGen      total 22016K, used 538K [0x00000000eab00000, 0x00000000ec400000, 0x0000000100000000)
  eden space 19968K, 0% used [0x00000000eab00000,0x00000000eab00000,0x00000000ebe80000)
  from space 2048K, 26% used [0x00000000ec100000,0x00000000ec186ac0,0x00000000ec300000)
  to   space 1024K, 0% used [0x00000000ec300000,0x00000000ec300000,0x00000000ec400000)
 ParOldGen       total 68608K, used 28699K [0x00000000c0000000, 0x00000000c4300000, 0x00000000eab00000)
  object space 68608K, 41% used [0x00000000c0000000,0x00000000c1c06e48,0x00000000c4300000)
 Metaspace       used 41982K, committed 42688K, reserved 1114112K
  class space    used 4274K, committed 4608K, reserved 1048576K
}
Event: 8.552 GC heap before
{Heap before GC invocations=22 (full 2):
 PSYoungGen      total 22016K, used 20506K [0x00000000eab00000, 0x00000000ec400000, 0x0000000100000000)
  eden space 19968K, 100% used [0x00000000eab00000,0x00000000ebe80000,0x00000000ebe80000)
  from space 2048K, 26% used [0x00000000ec100000,0x00000000ec186ac0,0x00000000ec300000)
  to   space 1024K, 0% used [0x00000000ec300000,0x00000000ec300000,0x00000000ec400000)
 ParOldGen       total 68608K, used 28699K [0x00000000c0000000, 0x00000000c4300000, 0x00000000eab00000)
  object space 68608K, 41% used [0x00000000c0000000,0x00000000c1c06e48,0x00000000c4300000)
 Metaspace       used 44208K, committed 44928K, reserved 1114112K
  class space    used 4483K, committed 4800K, reserved 1048576K
}
Event: 8.554 GC heap after
{Heap after GC invocations=22 (full 2):
 PSYoungGen      total 20480K, used 384K [0x00000000eab00000, 0x00000000ec380000, 0x0000000100000000)
  eden space 19968K, 0% used [0x00000000eab00000,0x00000000eab00000,0x00000000ebe80000)
  from space 512K, 75% used [0x00000000ec300000,0x00000000ec360000,0x00000000ec380000)
  to   space 512K, 0% used [0x00000000ec280000,0x00000000ec280000,0x00000000ec300000)
 ParOldGen       total 68608K, used 28739K [0x00000000c0000000, 0x00000000c4300000, 0x00000000eab00000)
  object space 68608K, 41% used [0x00000000c0000000,0x00000000c1c10e48,0x00000000c4300000)
 Metaspace       used 44208K, committed 44928K, reserved 1114112K
  class space    used 4483K, committed 4800K, reserved 1048576K
}
Event: 9.557 GC heap before
{Heap before GC invocations=23 (full 2):
 PSYoungGen      total 20480K, used 20352K [0x00000000eab00000, 0x00000000ec380000, 0x0000000100000000)
  eden space 19968K, 100% used [0x00000000eab00000,0x00000000ebe80000,0x00000000ebe80000)
  from space 512K, 75% used [0x00000000ec300000,0x00000000ec360000,0x00000000ec380000)
  to   space 512K, 0% used [0x00000000ec280000,0x00000000ec280000,0x00000000ec300000)
 ParOldGen       total 68608K, used 28739K [0x00000000c0000000, 0x00000000c4300000, 0x00000000eab00000)
  object space 68608K, 41% used [0x00000000c0000000,0x00000000c1c10e48,0x00000000c4300000)
 Metaspace       used 47048K, committed 47872K, reserved 1114112K
  class space    used 4762K, committed 5184K, reserved 1048576K
}
Event: 9.559 GC heap after
{Heap after GC invocations=23 (full 2):
 PSYoungGen      total 20480K, used 512K [0x00000000eab00000, 0x00000000ec380000, 0x0000000100000000)
  eden space 19968K, 0% used [0x00000000eab00000,0x00000000eab00000,0x00000000ebe80000)
  from space 512K, 100% used [0x00000000ec280000,0x00000000ec300000,0x00000000ec300000)
  to   space 512K, 0% used [0x00000000ec300000,0x00000000ec300000,0x00000000ec380000)
 ParOldGen       total 68608K, used 30346K [0x00000000c0000000, 0x00000000c4300000, 0x00000000eab00000)
  object space 68608K, 44% used [0x00000000c0000000,0x00000000c1da2930,0x00000000c4300000)
 Metaspace       used 47048K, committed 47872K, reserved 1114112K
  class space    used 4762K, committed 5184K, reserved 1048576K
}

